2024-12-23 21:51:27.596 [info] Added views:outline in workbench.view.explorer
2024-12-23 21:51:27.596 [info] Added views:workbench.view.search in workbench.view.search
2024-12-23 21:51:27.596 [info] Added views:workbench.scm in workbench.view.scm
2024-12-23 21:51:27.596 [info] Added views:workbench.panel.markers.view in workbench.panel.markers
2024-12-23 21:51:27.596 [info] Added views:workbench.panel.output in workbench.panel.output
2024-12-23 21:51:27.596 [info] Added views:terminal in terminal
2024-12-23 21:51:27.596 [info] Added views:timeline in workbench.view.explorer
2024-12-23 21:51:27.596 [info] Added views:workbench.explorer.emptyView in workbench.view.explorer
2024-12-23 21:51:27.679 [info] Added views:workbench.debug.welcome in workbench.view.debug
2024-12-23 21:51:27.898 [info] Added views:~remote.forwardedPorts in ~remote.forwardedPortsContainer
2024-12-23 21:51:28.083 [info] Added views:workbench.panel.repl.view in workbench.panel.repl
2024-12-23 21:51:46.754 [info] Added views:outline in workbench.view.explorer
2024-12-23 21:51:46.754 [info] Added views:workbench.view.search in workbench.view.search
2024-12-23 21:51:46.754 [info] Added views:workbench.scm in workbench.view.scm
2024-12-23 21:51:46.754 [info] Added views:workbench.panel.markers.view in workbench.panel.markers
2024-12-23 21:51:46.754 [info] Added views:workbench.panel.output in workbench.panel.output
2024-12-23 21:51:46.754 [info] Added views:terminal in terminal
2024-12-23 21:51:46.754 [info] Added views:timeline in workbench.view.explorer
2024-12-23 21:51:46.754 [info] Added views:workbench.explorer.fileView in workbench.view.explorer
2024-12-23 21:51:46.965 [info] Added views:workbench.debug.variablesView,workbench.debug.watchExpressionsView,workbench.debug.callStackView,workbench.debug.breakPointsView in workbench.view.debug
2024-12-23 21:51:47.028 [info] Added views:~remote.forwardedPorts in ~remote.forwardedPortsContainer
2024-12-23 21:51:47.156 [info] Added views:workbench.panel.repl.view in workbench.panel.repl
2024-12-23 21:51:47.157 [info] Removed views:workbench.debug.breakPointsView,workbench.debug.callStackView,workbench.debug.watchExpressionsView,workbench.debug.variablesView from workbench.view.debug
2024-12-23 21:51:47.157 [info] Added views:workbench.debug.welcome in workbench.view.debug
2024-12-23 22:00:59.855 [info] Added views:workbench.views.extensions.installed,workbench.views.extensions.popular,extensions.recommendedList in workbench.view.extensions
2024-12-23 22:00:59.855 [info] Removed views:workbench.views.extensions.popular from workbench.view.extensions
2024-12-23 22:01:06.435 [info] Showing view workbench.explorer.openEditorsView in the container workbench.view.explorer
2024-12-23 22:01:06.439 [info] Added views:workbench.explorer.openEditorsView in workbench.view.explorer
2024-12-23 22:01:29.183 [info] Removed views:workbench.explorer.fileView from workbench.view.explorer
2024-12-23 22:01:29.189 [info] Added views:workbench.explorer.emptyView in workbench.view.explorer
2024-12-23 22:01:29.324 [info] Removed views:workbench.panel.repl.view from workbench.panel.repl
2024-12-23 22:01:29.501 [info] Added views:workbench.panel.repl.view in workbench.panel.repl
