2024-12-23 18:26:03.677 [info] [main] Log level: Info
2024-12-23 18:26:03.677 [info] [main] Validating found git in: "git"
2024-12-23 18:26:03.677 [info] [main] Using git "2.47.1" from "git"
2024-12-23 18:26:03.677 [info] [Model][doInitialScan] Initial repository scan started
2024-12-23 18:26:03.677 [info] > git rev-parse --show-toplevel [79ms]
2024-12-23 18:26:03.677 [info] fatal: not a git repository (or any parent up to mount point /)
Stopping at filesystem boundary (GIT_DISCOVERY_ACROSS_FILESYSTEM not set).
2024-12-23 18:26:03.677 [info] [Model][doInitialScan] Initial repository scan completed - repositories (0), closed repositories (0), parent repositories (0), unsafe repositories (0)
2024-12-23 18:26:09.028 [info] > git rev-parse --show-toplevel [1ms]
2024-12-23 18:26:09.028 [info] fatal: not a git repository (or any parent up to mount point /)
Stopping at filesystem boundary (GIT_DISCOVERY_ACROSS_FILESYSTEM not set).
2024-12-23 18:26:13.491 [info] > git rev-parse --show-toplevel [0ms]
2024-12-23 18:26:13.491 [info] fatal: not a git repository (or any parent up to mount point /)
Stopping at filesystem boundary (GIT_DISCOVERY_ACROSS_FILESYSTEM not set).
2024-12-23 18:26:15.302 [info] > git rev-parse --show-toplevel [1ms]
2024-12-23 18:26:15.302 [info] fatal: not a git repository (or any parent up to mount point /)
Stopping at filesystem boundary (GIT_DISCOVERY_ACROSS_FILESYSTEM not set).
2024-12-23 18:26:17.482 [info] > git rev-parse --show-toplevel [1ms]
2024-12-23 18:26:17.482 [info] fatal: not a git repository (or any parent up to mount point /)
Stopping at filesystem boundary (GIT_DISCOVERY_ACROSS_FILESYSTEM not set).
2024-12-23 18:27:21.517 [info] > git rev-parse --show-toplevel [1ms]
2024-12-23 18:27:21.517 [info] fatal: not a git repository (or any parent up to mount point /)
Stopping at filesystem boundary (GIT_DISCOVERY_ACROSS_FILESYSTEM not set).
2024-12-23 18:27:25.091 [info] > git rev-parse --show-toplevel [1ms]
2024-12-23 18:27:25.091 [info] fatal: not a git repository (or any parent up to mount point /)
Stopping at filesystem boundary (GIT_DISCOVERY_ACROSS_FILESYSTEM not set).
2024-12-23 18:27:26.857 [info] > git rev-parse --show-toplevel [1ms]
2024-12-23 18:27:26.857 [info] fatal: not a git repository (or any parent up to mount point /)
Stopping at filesystem boundary (GIT_DISCOVERY_ACROSS_FILESYSTEM not set).
2024-12-23 18:27:27.977 [info] > git rev-parse --show-toplevel [1ms]
2024-12-23 18:27:27.977 [info] fatal: not a git repository (or any parent up to mount point /)
Stopping at filesystem boundary (GIT_DISCOVERY_ACROSS_FILESYSTEM not set).
2024-12-23 18:27:28.683 [info] > git rev-parse --show-toplevel [0ms]
2024-12-23 18:27:28.683 [info] fatal: not a git repository (or any parent up to mount point /)
Stopping at filesystem boundary (GIT_DISCOVERY_ACROSS_FILESYSTEM not set).
2024-12-23 18:27:32.696 [info] > git rev-parse --show-toplevel [1ms]
2024-12-23 18:27:32.696 [info] fatal: not a git repository (or any parent up to mount point /)
Stopping at filesystem boundary (GIT_DISCOVERY_ACROSS_FILESYSTEM not set).
2024-12-23 18:27:33.417 [info] > git rev-parse --show-toplevel [0ms]
2024-12-23 18:27:33.417 [info] fatal: not a git repository (or any parent up to mount point /)
Stopping at filesystem boundary (GIT_DISCOVERY_ACROSS_FILESYSTEM not set).
2024-12-23 18:27:35.055 [info] > git rev-parse --show-toplevel [1ms]
2024-12-23 18:27:35.055 [info] fatal: not a git repository (or any parent up to mount point /)
Stopping at filesystem boundary (GIT_DISCOVERY_ACROSS_FILESYSTEM not set).
2024-12-23 18:30:32.646 [info] > git rev-parse --show-toplevel [1ms]
2024-12-23 18:30:32.646 [info] fatal: not a git repository (or any parent up to mount point /)
Stopping at filesystem boundary (GIT_DISCOVERY_ACROSS_FILESYSTEM not set).
2024-12-23 18:30:40.764 [info] > git rev-parse --show-toplevel [1ms]
2024-12-23 18:30:40.764 [info] fatal: not a git repository (or any parent up to mount point /)
Stopping at filesystem boundary (GIT_DISCOVERY_ACROSS_FILESYSTEM not set).
2024-12-23 18:32:52.319 [info] > git rev-parse --show-toplevel [1ms]
2024-12-23 18:32:52.319 [info] fatal: not a git repository (or any parent up to mount point /)
Stopping at filesystem boundary (GIT_DISCOVERY_ACROSS_FILESYSTEM not set).
