2024-12-23 21:51:28.610 [info] [main] Log level: Info
2024-12-23 21:51:28.610 [info] [main] Validating found git in: "git"
2024-12-23 21:51:28.610 [info] [main] Using git "2.47.1" from "git"
2024-12-23 21:51:28.610 [info] [Model][doInitialScan] Initial repository scan started
2024-12-23 21:51:28.610 [info] [Model][doInitialScan] Initial repository scan completed - repositories (0), closed repositories (0), parent repositories (0), unsafe repositories (0)
2024-12-23 21:51:47.582 [info] [main] Log level: Info
2024-12-23 21:51:47.582 [info] [main] Validating found git in: "git"
2024-12-23 21:51:47.582 [info] [main] Using git "2.47.1" from "git"
2024-12-23 21:51:47.582 [info] [Model][doInitialScan] Initial repository scan started
2024-12-23 21:51:47.582 [info] > git rev-parse --show-toplevel [99ms]
2024-12-23 21:51:47.582 [info] fatal: not a git repository (or any parent up to mount point /)
Stopping at filesystem boundary (GIT_DISCOVERY_ACROSS_FILESYSTEM not set).
2024-12-23 21:51:47.582 [info] [Model][doInitialScan] Initial repository scan completed - repositories (0), closed repositories (0), parent repositories (0), unsafe repositories (0)
2024-12-23 21:51:48.907 [info] > git rev-parse --show-toplevel [1ms]
2024-12-23 21:51:48.907 [info] fatal: not a git repository (or any parent up to mount point /)
Stopping at filesystem boundary (GIT_DISCOVERY_ACROSS_FILESYSTEM not set).
2024-12-23 21:51:49.264 [info] > git rev-parse --show-toplevel [0ms]
2024-12-23 21:51:49.264 [info] fatal: not a git repository (or any parent up to mount point /)
Stopping at filesystem boundary (GIT_DISCOVERY_ACROSS_FILESYSTEM not set).
2024-12-23 22:01:30.039 [info] [main] Log level: Info
2024-12-23 22:01:30.039 [info] [main] Validating found git in: "git"
2024-12-23 22:01:30.039 [info] [main] Using git "2.47.1" from "git"
2024-12-23 22:01:30.039 [info] [Model][doInitialScan] Initial repository scan started
2024-12-23 22:01:30.039 [info] [Model][doInitialScan] Initial repository scan completed - repositories (0), closed repositories (0), parent repositories (0), unsafe repositories (0)
