Dec 08, 2024 1:27:48 AM org.eclipse.lemminx.XMLLanguageServer initialize
INFO: Initializing XML Language server
LemMinX Server info:
 - Version : 0.29.1-SNAPSHOT
 - Native Image
 - VM Version : 17.0.9
 - Git e507183 - [maven-release-plugin] prepare for next development iteration
Dec 08, 2024 1:48:25 AM org.eclipse.lemminx.XMLLanguageServer initialize
INFO: Initializing XML Language server
LemMinX Server info:
 - Version : 0.29.1-SNAPSHOT
 - Native Image
 - VM Version : 17.0.9
 - Git e507183 - [maven-release-plugin] prepare for next development iteration
Dec 08, 2024 3:04:46 AM org.eclipse.lemminx.XMLLanguageServer initialize
INFO: Initializing XML Language server
LemMinX Server info:
 - Version : 0.29.1-SNAPSHOT
 - Native Image
 - VM Version : 17.0.9
 - Git e507183 - [maven-release-plugin] prepare for next development iteration
