    OpenRGB v0.9
    Commit:  from 
    Launched: 20241222_162848
====================================================================================================

0     |Info:    Found file: all-white.orp attempting to validate header
3     |Info:    Valid v4 profile found for all-white
1005  |Info:    ------------------------------------------------------
1005  |Info:    |               Start device detection               |
1005  |Info:    ------------------------------------------------------
1005  |Info:    Initializing HID interfaces: Success
1011  |Info:    ------------------------------------------------------
1011  |Info:    |             Detecting I2C interfaces               |
1011  |Info:    ------------------------------------------------------
1011  |Info:    Registering I2C interface: /dev/i2c-3 Device 10DE:2216 Subsystem: 1043:8822
1011  |Info:    Registering I2C interface: /dev/i2c-1 Device 1022:790B Subsystem: 1043:87C0
1011  |Info:    Registering I2C interface: /dev/i2c-8 Device 10DE:2216 Subsystem: 1043:8822
1011  |Info:    Registering I2C interface: /dev/i2c-6 Device 10DE:2216 Subsystem: 1043:8822
1011  |Info:    Registering I2C interface: /dev/i2c-4 Device 10DE:2216 Subsystem: 1043:8822
1011  |Info:    Registering I2C interface: /dev/i2c-2 Device 1022:790B Subsystem: 1043:87C0
1011  |Info:    Registering I2C interface: /dev/i2c-0 Device 1022:790B Subsystem: 1043:87C0
1011  |Info:    Registering I2C interface: /dev/i2c-7 Device 10DE:2216 Subsystem: 1043:8822
1011  |Info:    Registering I2C interface: /dev/i2c-5 Device 10DE:2216 Subsystem: 1043:8822
1011  |Info:    ------------------------------------------------------
1011  |Info:    |               Detecting I2C devices                |
1011  |Info:    ------------------------------------------------------
1883  |Info:    [Corsair Dominator Platinum] Registering RGB controller
1895  |Info:    [Corsair Dominator Platinum] Registering RGB controller
2031  |Info:    ------------------------------------------------------
2031  |Info:    |               Detecting I2C PCI devices            |
2031  |Info:    ------------------------------------------------------
2229  |Info:    [ASUS TUF RTX 3080 O10G V2 GAMING] Registering RGB controller
2401  |Info:    ------------------------------------------------------
2401  |Info:    |               Detecting HID devices                |
2401  |Info:    ------------------------------------------------------
3773  |Info:    [NZXT Kraken X3 Series] Registering RGB controller
3847  |Info:    [ASUS TUF GAMING X570-PLUS (WI-FI)] Registering RGB controller
3877  |Info:    [KLM] Created new Tenkeyless ISO QWERTY with 6 rows and 17 columns containing 88 keys
3877  |Info:    [Razer Huntsman Tournament Edition] Registering RGB controller
3928  |Info:    [Logitech G915 Wireless RGB Mechanical Gaming Keyboard] Registering RGB controller
3928  |Info:    ------------------------------------------------------
3928  |Info:    |            Detecting libusb HID devices            |
3928  |Info:    ------------------------------------------------------
4155  |Info:    ------------------------------------------------------
4155  |Info:    |              Detecting other devices               |
4155  |Info:    ------------------------------------------------------
4161  |Info:    ------------------------------------------------------
4161  |Info:    |                Detection completed                 |
4161  |Info:    ------------------------------------------------------
4161  |Info:    Profile loading: Succeeded for Corsair Dominator Platinum @ I2C: /dev/i2c-0, address 0x5A
4161  |Info:    Profile loading: Succeeded for Corsair Dominator Platinum @ I2C: /dev/i2c-0, address 0x5B
4161  |Info:    Profile loading: Succeeded for ASUS TUF RTX 3080 O10G V2 GAMING @ I2C: /dev/i2c-3, address 0x67
4161  |Info:    Profile loading: Succeeded for NZXT Kraken X3 Series @ HID: /dev/hidraw0
4161  |Info:    Profile loading: Succeeded for ASUS TUF GAMING X570-PLUS (WI-FI) @ HID: /dev/hidraw2
4161  |Info:    Profile loading: Succeeded for Razer Huntsman Tournament Edition @ HID: /dev/hidraw6
4161  |Info:    Profile loading: Succeeded for Logitech G915 Wireless RGB Mechanical Gaming Keyboard @ 
