    OpenRGB v0.9
    Commit:  from 
    Launched: 20241219_190242
====================================================================================================

0     |Info:    Found file: all-white.orp attempting to validate header
0     |Info:    Valid v4 profile found for all-white
1005  |Info:    ------------------------------------------------------
1005  |Info:    |               Start device detection               |
1005  |Info:    ------------------------------------------------------
1006  |Info:    Initializing HID interfaces: Success
1027  |Info:    ------------------------------------------------------
1027  |Info:    |             Detecting I2C interfaces               |
1027  |Info:    ------------------------------------------------------
1028  |Info:    Registering I2C interface: /dev/i2c-3 Device 8086:3E92 Subsystem: 17AA:3138
1028  |Info:    Registering I2C interface: /dev/i2c-10 Device 10DE:1BB1 Subsystem: 10DE:11A3
1028  |Info:    Registering I2C interface: /dev/i2c-1 Device 8086:3E92 Subsystem: 17AA:3138
1029  |Info:    Registering I2C interface: /dev/i2c-8 Device 0000:0000 Subsystem: 0000:0000
1029  |Info:    Registering I2C interface: /dev/i2c-6 Device 8086:A323 Subsystem: 17AA:3138
1029  |Info:    Registering I2C interface: /dev/i2c-13 Device 10DE:1BB1 Subsystem: 10DE:11A3
1029  |Warning: [i2c_smbus_linux] Failed to read i2c device PCI device ID
1030  |Info:    Registering I2C interface: /dev/i2c-4 Device 0000:0000 Subsystem: 0000:0000
1030  |Info:    Registering I2C interface: /dev/i2c-11 Device 10DE:1BB1 Subsystem: 10DE:11A3
1030  |Info:    Registering I2C interface: /dev/i2c-2 Device 8086:3E92 Subsystem: 17AA:3138
1031  |Info:    Registering I2C interface: /dev/i2c-0 Device 8086:3E92 Subsystem: 17AA:3138
1031  |Info:    Registering I2C interface: /dev/i2c-9 Device 10DE:1BB1 Subsystem: 10DE:11A3
1031  |Info:    Registering I2C interface: /dev/i2c-7 Device 0000:0000 Subsystem: 0000:0000
1032  |Info:    Registering I2C interface: /dev/i2c-14 Device 10DE:1BB1 Subsystem: 10DE:11A3
1032  |Warning: [i2c_smbus_linux] Failed to read i2c device PCI device ID
1032  |Info:    Registering I2C interface: /dev/i2c-5 Device 0000:0000 Subsystem: 0000:0000
1032  |Info:    Registering I2C interface: /dev/i2c-12 Device 10DE:1BB1 Subsystem: 10DE:11A3
1032  |Info:    ------------------------------------------------------
1032  |Info:    |               Detecting I2C devices                |
1032  |Info:    ------------------------------------------------------
1593  |Info:    ------------------------------------------------------
1593  |Info:    |               Detecting I2C PCI devices            |
1593  |Info:    ------------------------------------------------------
1595  |Info:    ------------------------------------------------------
1595  |Info:    |               Detecting HID devices                |
1595  |Info:    ------------------------------------------------------
1609  |Info:    [Razer Viper Mini] Registering RGB controller
1626  |Info:    [KLM] Created new Tenkeyless ISO QWERTY with 6 rows and 17 columns containing 88 keys
1626  |Info:    [Razer Huntsman Tournament Edition] Registering RGB controller
1626  |Info:    ------------------------------------------------------
1626  |Info:    |            Detecting libusb HID devices            |
1626  |Info:    ------------------------------------------------------
1662  |Info:    ------------------------------------------------------
1662  |Info:    |              Detecting other devices               |
1662  |Info:    ------------------------------------------------------
1678  |Info:    ------------------------------------------------------
1678  |Info:    |                Detection completed                 |
1678  |Info:    ------------------------------------------------------
1679  |Info:    Profile loading: FAILED! for Razer Viper Mini @ HID: /dev/hidraw0
1679  |Info:    Profile loading: Succeeded for Razer Huntsman Tournament Edition @ HID: /dev/hidraw1
