    OpenRGB v0.9
    Commit:  from 
    Launched: 20241224_234238
====================================================================================================

34    |Info:    Found file: all-white.orp attempting to validate header
34    |Info:    Valid v4 profile found for all-white
1036  |Info:    ------------------------------------------------------
1036  |Info:    |               Start device detection               |
1036  |Info:    ------------------------------------------------------
1036  |Info:    Initializing HID interfaces: Success
1042  |Info:    ------------------------------------------------------
1042  |Info:    |             Detecting I2C interfaces               |
1042  |Info:    ------------------------------------------------------
1042  |Info:    Registering I2C interface: /dev/i2c-3 Device 10DE:2216 Subsystem: 1043:8822
1042  |Info:    Registering I2C interface: /dev/i2c-1 Device 1022:790B Subsystem: 1043:87C0
1042  |Info:    Registering I2C interface: /dev/i2c-8 Device 10DE:2216 Subsystem: 1043:8822
1042  |Info:    Registering I2C interface: /dev/i2c-6 Device 10DE:2216 Subsystem: 1043:8822
1042  |Info:    Registering I2C interface: /dev/i2c-4 Device 10DE:2216 Subsystem: 1043:8822
1042  |Info:    Registering I2C interface: /dev/i2c-2 Device 1022:790B Subsystem: 1043:87C0
1042  |Info:    Registering I2C interface: /dev/i2c-0 Device 1022:790B Subsystem: 1043:87C0
1042  |Info:    Registering I2C interface: /dev/i2c-7 Device 10DE:2216 Subsystem: 1043:8822
1042  |Info:    Registering I2C interface: /dev/i2c-5 Device 10DE:2216 Subsystem: 1043:8822
1042  |Info:    ------------------------------------------------------
1042  |Info:    |               Detecting I2C devices                |
1042  |Info:    ------------------------------------------------------
1918  |Info:    [Corsair Dominator Platinum] Registering RGB controller
1929  |Info:    [Corsair Dominator Platinum] Registering RGB controller
2067  |Info:    ------------------------------------------------------
2067  |Info:    |               Detecting I2C PCI devices            |
2067  |Info:    ------------------------------------------------------
2293  |Info:    [ASUS TUF RTX 3080 O10G V2 GAMING] Registering RGB controller
2466  |Info:    ------------------------------------------------------
2466  |Info:    |               Detecting HID devices                |
2466  |Info:    ------------------------------------------------------
3650  |Info:    [NZXT Kraken X3 Series] Registering RGB controller
3725  |Info:    [ASUS TUF GAMING X570-PLUS (WI-FI)] Registering RGB controller
3755  |Info:    [KLM] Created new Tenkeyless ISO QWERTY with 6 rows and 17 columns containing 88 keys
3755  |Info:    [Razer Huntsman Tournament Edition] Registering RGB controller
3808  |Info:    [Logitech G915 Wireless RGB Mechanical Gaming Keyboard] Registering RGB controller
3808  |Info:    ------------------------------------------------------
3808  |Info:    |            Detecting libusb HID devices            |
3808  |Info:    ------------------------------------------------------
4035  |Info:    ------------------------------------------------------
4035  |Info:    |              Detecting other devices               |
4035  |Info:    ------------------------------------------------------
4041  |Info:    ------------------------------------------------------
4041  |Info:    |                Detection completed                 |
4041  |Info:    ------------------------------------------------------
4042  |Info:    Profile loading: Succeeded for Corsair Dominator Platinum @ I2C: /dev/i2c-0, address 0x5A
4042  |Info:    Profile loading: Succeeded for Corsair Dominator Platinum @ I2C: /dev/i2c-0, address 0x5B
4042  |Info:    Profile loading: Succeeded for ASUS TUF RTX 3080 O10G V2 GAMING @ I2C: /dev/i2c-3, address 0x67
4042  |Info:    Profile loading: Succeeded for NZXT Kraken X3 Series @ HID: /dev/hidraw0
4042  |Info:    Profile loading: Succeeded for ASUS TUF GAMING X570-PLUS (WI-FI) @ HID: /dev/hidraw2
4042  |Info:    Profile loading: Succeeded for Razer Huntsman Tournament Edition @ HID: /dev/hidraw6
4042  |Info:    Profile loading: Succeeded for Logitech G915 Wireless RGB Mechanical Gaming Keyboard @ 
