    OpenRGB v0.9
    Commit:  from 
    Launched: 20241220_151501
====================================================================================================

0     |Info:    Found file: all-white.orp attempting to validate header
0     |Info:    Valid v4 profile found for all-white
1005  |Info:    ------------------------------------------------------
1005  |Info:    |               Start device detection               |
1005  |Info:    ------------------------------------------------------
1006  |Info:    Initializing HID interfaces: Success
1011  |Info:    ------------------------------------------------------
1011  |Info:    |             Detecting I2C interfaces               |
1011  |Info:    ------------------------------------------------------
1011  |Info:    Registering I2C interface: /dev/i2c-3 Device 8086:3E92 Subsystem: 17AA:3138
1011  |Info:    Registering I2C interface: /dev/i2c-10 Device 10DE:1BB1 Subsystem: 10DE:11A3
1011  |Info:    Registering I2C interface: /dev/i2c-1 Device 8086:3E92 Subsystem: 17AA:3138
1011  |Info:    Registering I2C interface: /dev/i2c-8 Device 0000:0000 Subsystem: 0000:0000
1012  |Info:    Registering I2C interface: /dev/i2c-6 Device 8086:A323 Subsystem: 17AA:3138
1012  |Info:    Registering I2C interface: /dev/i2c-13 Device 10DE:1BB1 Subsystem: 10DE:11A3
1012  |Warning: [i2c_smbus_linux] Failed to read i2c device PCI device ID
1012  |Info:    Registering I2C interface: /dev/i2c-4 Device 0000:0000 Subsystem: 0000:0000
1012  |Info:    Registering I2C interface: /dev/i2c-11 Device 10DE:1BB1 Subsystem: 10DE:11A3
1012  |Info:    Registering I2C interface: /dev/i2c-2 Device 8086:3E92 Subsystem: 17AA:3138
1012  |Info:    Registering I2C interface: /dev/i2c-0 Device 8086:3E92 Subsystem: 17AA:3138
1012  |Info:    Registering I2C interface: /dev/i2c-9 Device 10DE:1BB1 Subsystem: 10DE:11A3
1012  |Info:    Registering I2C interface: /dev/i2c-7 Device 0000:0000 Subsystem: 0000:0000
1012  |Info:    Registering I2C interface: /dev/i2c-14 Device 10DE:1BB1 Subsystem: 10DE:11A3
1012  |Warning: [i2c_smbus_linux] Failed to read i2c device PCI device ID
1012  |Info:    Registering I2C interface: /dev/i2c-5 Device 0000:0000 Subsystem: 0000:0000
1012  |Info:    Registering I2C interface: /dev/i2c-12 Device 10DE:1BB1 Subsystem: 10DE:11A3
1012  |Info:    ------------------------------------------------------
1012  |Info:    |               Detecting I2C devices                |
1012  |Info:    ------------------------------------------------------
1579  |Info:    ------------------------------------------------------
1579  |Info:    |               Detecting I2C PCI devices            |
1579  |Info:    ------------------------------------------------------
1581  |Info:    ------------------------------------------------------
1581  |Info:    |               Detecting HID devices                |
1581  |Info:    ------------------------------------------------------
1581  |Info:    ------------------------------------------------------
1581  |Info:    |            Detecting libusb HID devices            |
1581  |Info:    ------------------------------------------------------
1585  |Info:    ------------------------------------------------------
1585  |Info:    |              Detecting other devices               |
1585  |Info:    ------------------------------------------------------
1588  |Info:    ------------------------------------------------------
1588  |Info:    |                Detection completed                 |
1588  |Info:    ------------------------------------------------------
