    OpenRGB v0.9
    Commit:  from 
    Launched: 20241216_204136
====================================================================================================

0     |Info:    Found file: all-white.orp attempting to validate header
0     |Info:    Valid v4 profile found for all-white
1003  |Info:    ------------------------------------------------------
1003  |Info:    |               Start device detection               |
1003  |Info:    ------------------------------------------------------
1004  |Info:    Initializing HID interfaces: Success
1019  |Info:    ------------------------------------------------------
1019  |Info:    |             Detecting I2C interfaces               |
1019  |Info:    ------------------------------------------------------
1019  |Info:    Registering I2C interface: /dev/i2c-3 Device 8086:3E92 Subsystem: 17AA:3138
1019  |Info:    Registering I2C interface: /dev/i2c-10 Device 10DE:1BB1 Subsystem: 10DE:11A3
1019  |Info:    Registering I2C interface: /dev/i2c-1 Device 0000:0000 Subsystem: 0000:0000
1020  |Info:    Registering I2C interface: /dev/i2c-8 Device 10DE:1BB1 Subsystem: 10DE:11A3
1020  |Info:    Registering I2C interface: /dev/i2c-6 Device 8086:3E92 Subsystem: 17AA:3138
1020  |Warning: [i2c_smbus_linux] Failed to read i2c device PCI device ID
1020  |Info:    Registering I2C interface: /dev/i2c-13 Device 0000:0000 Subsystem: 0000:0000
1021  |Info:    Registering I2C interface: /dev/i2c-4 Device 8086:3E92 Subsystem: 17AA:3138
1021  |Info:    Registering I2C interface: /dev/i2c-11 Device 10DE:1BB1 Subsystem: 10DE:11A3
1021  |Info:    Registering I2C interface: /dev/i2c-2 Device 0000:0000 Subsystem: 0000:0000
1021  |Info:    Registering I2C interface: /dev/i2c-0 Device 8086:A323 Subsystem: 17AA:3138
1022  |Info:    Registering I2C interface: /dev/i2c-9 Device 10DE:1BB1 Subsystem: 10DE:11A3
1022  |Info:    Registering I2C interface: /dev/i2c-7 Device 10DE:1BB1 Subsystem: 10DE:11A3
1022  |Warning: [i2c_smbus_linux] Failed to read i2c device PCI device ID
1022  |Info:    Registering I2C interface: /dev/i2c-14 Device 0000:0000 Subsystem: 0000:0000
1022  |Info:    Registering I2C interface: /dev/i2c-5 Device 8086:3E92 Subsystem: 17AA:3138
1023  |Info:    Registering I2C interface: /dev/i2c-12 Device 10DE:1BB1 Subsystem: 10DE:11A3
1023  |Info:    ------------------------------------------------------
1023  |Info:    |               Detecting I2C devices                |
1023  |Info:    ------------------------------------------------------
1570  |Info:    ------------------------------------------------------
1570  |Info:    |               Detecting I2C PCI devices            |
1570  |Info:    ------------------------------------------------------
1572  |Info:    ------------------------------------------------------
1572  |Info:    |               Detecting HID devices                |
1572  |Info:    ------------------------------------------------------
1584  |Info:    [Razer Viper Mini] Registering RGB controller
1600  |Info:    [KLM] Created new Tenkeyless ISO QWERTY with 6 rows and 17 columns containing 88 keys
1600  |Info:    [Razer Huntsman Tournament Edition] Registering RGB controller
1600  |Info:    ------------------------------------------------------
1600  |Info:    |            Detecting libusb HID devices            |
1600  |Info:    ------------------------------------------------------
1628  |Info:    ------------------------------------------------------
1628  |Info:    |              Detecting other devices               |
1628  |Info:    ------------------------------------------------------
1642  |Info:    ------------------------------------------------------
1642  |Info:    |                Detection completed                 |
1642  |Info:    ------------------------------------------------------
1642  |Info:    Profile loading: FAILED! for Razer Viper Mini @ HID: /dev/hidraw0
1642  |Info:    Profile loading: Succeeded for Razer Huntsman Tournament Edition @ HID: /dev/hidraw2
