    OpenRGB v0.9
    Commit:  from 
    Launched: 20241225_000517
====================================================================================================

0     |Info:    Found file: all-white.orp attempting to validate header
0     |Info:    Valid v4 profile found for all-white
1008  |Info:    ------------------------------------------------------
1008  |Info:    |               Start device detection               |
1008  |Info:    ------------------------------------------------------
1009  |Info:    Initializing HID interfaces: Success
1017  |Info:    ------------------------------------------------------
1017  |Info:    |             Detecting I2C interfaces               |
1017  |Info:    ------------------------------------------------------
1017  |Info:    Registering I2C interface: /dev/i2c-1 Device 1022:790B Subsystem: 1043:87C0
1017  |Info:    Registering I2C interface: /dev/i2c-2 Device 1022:790B Subsystem: 1043:87C0
1017  |Info:    Registering I2C interface: /dev/i2c-0 Device 1022:790B Subsystem: 1043:87C0
1017  |Info:    ------------------------------------------------------
1017  |Info:    |               Detecting I2C devices                |
1017  |Info:    ------------------------------------------------------
2119  |Info:    [Corsair Dominator Platinum] Registering RGB controller
2131  |Info:    [Corsair Dominator Platinum] Registering RGB controller
2277  |Info:    ------------------------------------------------------
2277  |Info:    |               Detecting I2C PCI devices            |
2277  |Info:    ------------------------------------------------------
2277  |Info:    ------------------------------------------------------
2277  |Info:    |               Detecting HID devices                |
2277  |Info:    ------------------------------------------------------
3626  |Info:    [NZXT Kraken X3 Series] Registering RGB controller
3706  |Info:    [ASUS TUF GAMING X570-PLUS (WI-FI)] Registering RGB controller
3737  |Info:    [KLM] Created new Tenkeyless ISO QWERTY with 6 rows and 17 columns containing 88 keys
3737  |Info:    [Razer Huntsman Tournament Edition] Registering RGB controller
3793  |Info:    [Logitech G915 Wireless RGB Mechanical Gaming Keyboard] Registering RGB controller
3793  |Info:    ------------------------------------------------------
3793  |Info:    |            Detecting libusb HID devices            |
3793  |Info:    ------------------------------------------------------
4036  |Info:    ------------------------------------------------------
4036  |Info:    |              Detecting other devices               |
4036  |Info:    ------------------------------------------------------
4047  |Info:    ------------------------------------------------------
4047  |Info:    |                Detection completed                 |
4047  |Info:    ------------------------------------------------------
4050  |Info:    Profile loading: Succeeded for Corsair Dominator Platinum @ I2C: /dev/i2c-0, address 0x5A
4050  |Info:    Profile loading: Succeeded for Corsair Dominator Platinum @ I2C: /dev/i2c-0, address 0x5B
4050  |Info:    Profile loading: Succeeded for NZXT Kraken X3 Series @ HID: /dev/hidraw0
4050  |Info:    Profile loading: Succeeded for ASUS TUF GAMING X570-PLUS (WI-FI) @ HID: /dev/hidraw2
4050  |Info:    Profile loading: Succeeded for Razer Huntsman Tournament Edition @ HID: /dev/hidraw6
4050  |Info:    Profile loading: Succeeded for Logitech G915 Wireless RGB Mechanical Gaming Keyboard @ 
