    OpenRGB v0.9
    Commit:  from 
    Launched: 20241225_001004
====================================================================================================

0     |Info:    Found file: all-white.orp attempting to validate header
0     |Info:    Valid v4 profile found for all-white
1004  |Info:    ------------------------------------------------------
1004  |Info:    |               Start device detection               |
1004  |Info:    ------------------------------------------------------
1004  |Info:    Initializing HID interfaces: Success
1014  |Info:    ------------------------------------------------------
1014  |Info:    |             Detecting I2C interfaces               |
1014  |Info:    ------------------------------------------------------
1015  |Info:    Registering I2C interface: /dev/i2c-1 Device 1022:790B Subsystem: 1043:87C0
1015  |Info:    Registering I2C interface: /dev/i2c-2 Device 1022:790B Subsystem: 1043:87C0
1015  |Info:    Registering I2C interface: /dev/i2c-0 Device 1022:790B Subsystem: 1043:87C0
1015  |Info:    ------------------------------------------------------
1015  |Info:    |               Detecting I2C devices                |
1015  |Info:    ------------------------------------------------------
2196  |Info:    [Corsair Dominator Platinum] Registering RGB controller
2208  |Info:    [Corsair Dominator Platinum] Registering RGB controller
2357  |Info:    ------------------------------------------------------
2357  |Info:    |               Detecting I2C PCI devices            |
2357  |Info:    ------------------------------------------------------
2357  |Info:    ------------------------------------------------------
2357  |Info:    |               Detecting HID devices                |
2357  |Info:    ------------------------------------------------------
3627  |Info:    [NZXT Kraken X3 Series] Registering RGB controller
3703  |Info:    [ASUS TUF GAMING X570-PLUS (WI-FI)] Registering RGB controller
3734  |Info:    [KLM] Created new Tenkeyless ISO QWERTY with 6 rows and 17 columns containing 88 keys
3734  |Info:    [Razer Huntsman Tournament Edition] Registering RGB controller
3787  |Info:    [Logitech G915 Wireless RGB Mechanical Gaming Keyboard] Registering RGB controller
3787  |Info:    ------------------------------------------------------
3787  |Info:    |            Detecting libusb HID devices            |
3787  |Info:    ------------------------------------------------------
4020  |Info:    ------------------------------------------------------
4020  |Info:    |              Detecting other devices               |
4020  |Info:    ------------------------------------------------------
4027  |Info:    ------------------------------------------------------
4027  |Info:    |                Detection completed                 |
4027  |Info:    ------------------------------------------------------
4027  |Info:    Profile loading: Succeeded for Corsair Dominator Platinum @ I2C: /dev/i2c-0, address 0x5A
4027  |Info:    Profile loading: Succeeded for Corsair Dominator Platinum @ I2C: /dev/i2c-0, address 0x5B
4027  |Info:    Profile loading: Succeeded for NZXT Kraken X3 Series @ HID: /dev/hidraw0
4027  |Info:    Profile loading: Succeeded for ASUS TUF GAMING X570-PLUS (WI-FI) @ HID: /dev/hidraw2
4027  |Info:    Profile loading: Succeeded for Razer Huntsman Tournament Edition @ HID: /dev/hidraw6
4027  |Info:    Profile loading: Succeeded for Logitech G915 Wireless RGB Mechanical Gaming Keyboard @ 
