2024-12-17 15:15:40.461 [info] Added views:outline in workbench.view.explorer
2024-12-17 15:15:40.461 [info] Added views:workbench.view.search in workbench.view.search
2024-12-17 15:15:40.461 [info] Added views:workbench.scm in workbench.view.scm
2024-12-17 15:15:40.461 [info] Added views:workbench.panel.markers.view in workbench.panel.markers
2024-12-17 15:15:40.461 [info] Added views:workbench.panel.output in workbench.panel.output
2024-12-17 15:15:40.461 [info] Added views:terminal in terminal
2024-12-17 15:15:40.461 [info] Added views:timeline in workbench.view.explorer
2024-12-17 15:15:40.461 [info] Added views:workbench.explorer.emptyView in workbench.view.explorer
2024-12-17 15:15:40.725 [info] Added views:workbench.debug.welcome in workbench.view.debug
2024-12-17 15:15:40.873 [info] Added views:~remote.forwardedPorts in ~remote.forwardedPortsContainer
2024-12-17 15:15:41.095 [info] Added views:workbench.panel.repl.view in workbench.panel.repl
2024-12-17 15:15:46.919 [info] Added views:outline in workbench.view.explorer
2024-12-17 15:15:46.919 [info] Added views:workbench.view.search in workbench.view.search
2024-12-17 15:15:46.919 [info] Added views:workbench.scm in workbench.view.scm
2024-12-17 15:15:46.919 [info] Added views:workbench.panel.markers.view in workbench.panel.markers
2024-12-17 15:15:46.919 [info] Added views:workbench.panel.output in workbench.panel.output
2024-12-17 15:15:46.919 [info] Added views:terminal in terminal
2024-12-17 15:15:46.919 [info] Added views:timeline in workbench.view.explorer
2024-12-17 15:15:46.919 [info] Added views:workbench.explorer.emptyView in workbench.view.explorer
2024-12-17 15:15:46.971 [info] Added views:workbench.debug.welcome in workbench.view.debug
2024-12-17 15:15:47.319 [info] Added views:~remote.forwardedPorts in ~remote.forwardedPortsContainer
2024-12-17 15:15:47.513 [info] Added views:workbench.panel.repl.view in workbench.panel.repl
