2024-12-22 20:32:27.973 [info] Extension host with pid 43683 started
2024-12-22 20:32:27.982 [info] ExtensionService#_doActivateExtension vscode.github-authentication, startup: false, activationEvent: 'onAuthenticationRequest:github'
2024-12-22 20:32:28.042 [info] ExtensionService#_doActivateExtension vscode.git-base, startup: true, activationEvent: '*', root cause: vscode.git
2024-12-22 20:32:28.045 [info] ExtensionService#_doActivateExtension dlasagno.wal-theme, startup: true, activationEvent: '*'
2024-12-22 20:32:28.083 [info] ExtensionService#_doActivateExtension s-nlf-fh.glassit, startup: true, activationEvent: '*'
2024-12-22 20:32:28.136 [info] ExtensionService#_doActivateExtension vscode.git, startup: true, activationEvent: '*'
2024-12-22 20:32:28.176 [info] ExtensionService#_doActivateExtension vscode.github, startup: true, activationEvent: '*'
2024-12-22 20:32:28.230 [info] ExtensionService#_doActivateExtension vscode.configuration-editing, startup: false, activationEvent: 'onLanguage:jsonc'
2024-12-22 20:32:28.242 [info] ExtensionService#_doActivateExtension vscode.json-language-features, startup: false, activationEvent: 'onLanguage:jsonc'
2024-12-22 20:32:28.275 [info] ExtensionService#_doActivateExtension vscode.typescript-language-features, startup: false, activationEvent: 'onLanguage:jsonc'
2024-12-22 20:32:28.304 [info] ExtensionService#_doActivateExtension vscode.emmet, startup: false, activationEvent: 'onLanguage'
2024-12-22 20:32:28.336 [info] Eager extensions activated
2024-12-22 20:32:28.362 [info] ExtensionService#_doActivateExtension vscode.debug-auto-launch, startup: false, activationEvent: 'onStartupFinished'
2024-12-22 20:32:28.364 [info] ExtensionService#_doActivateExtension vscode.merge-conflict, startup: false, activationEvent: 'onStartupFinished'
2024-12-22 20:32:28.375 [info] ExtensionService#_doActivateExtension ecmel.vscode-html-css, startup: false, activationEvent: 'onStartupFinished'
2024-12-22 20:32:28.376 [info] ExtensionService#_doActivateExtension esbenp.prettier-vscode, startup: false, activationEvent: 'onStartupFinished'
2024-12-22 20:32:28.424 [info] ExtensionService#_doActivateExtension naumovs.color-highlight, startup: false, activationEvent: 'onStartupFinished'
2024-12-22 20:32:28.429 [info] ExtensionService#_doActivateExtension PKief.material-icon-theme, startup: false, activationEvent: 'onStartupFinished'
2024-12-22 20:32:28.437 [info] ExtensionService#_doActivateExtension ritwickdey.LiveServer, startup: false, activationEvent: 'onStartupFinished'
2024-12-22 20:32:29.984 [info] ExtensionService#_doActivateExtension vscode.ipynb, startup: false, activationEvent: 'onNotebookSerializer:jupyter-notebook'
2024-12-22 20:32:30.028 [info] ExtensionService#_doActivateExtension ms-toolsai.jupyter, startup: false, activationEvent: 'onNotebook:jupyter-notebook'
2024-12-22 20:32:30.033 [info] ExtensionService#_doActivateExtension ms-toolsai.vscode-jupyter-cell-tags, startup: false, activationEvent: 'onNotebook:jupyter-notebook'
2024-12-22 20:32:30.034 [info] ExtensionService#_doActivateExtension ms-toolsai.vscode-jupyter-slideshow, startup: false, activationEvent: 'onNotebook:jupyter-notebook'
2024-12-22 20:32:30.260 [info] ExtensionService#_doActivateExtension ms-python.python, startup: false, activationEvent: 'api', root cause: ms-toolsai.jupyter
2024-12-22 20:32:30.481 [info] ExtensionService#_doActivateExtension ms-toolsai.jupyter-renderers, startup: false, activationEvent: 'api', root cause: ms-toolsai.jupyter
2024-12-22 20:32:30.552 [info] ExtensionService#_doActivateExtension ms-python.debugpy, startup: false, activationEvent: 'onLanguage:python'
2024-12-22 20:32:30.584 [info] ExtensionService#_doActivateExtension ms-python.vscode-pylance, startup: false, activationEvent: 'onLanguage:python'
2024-12-22 20:32:35.291 [info] Extension host terminating: renderer closed the MessagePort
2024-12-22 20:32:35.309 [info] Extension host with pid 43683 exiting with code 0
